Determining if the pthread_create exist failed with the following output:
Change Dir: /home/muhammed/Belgeler/ackerman_vehicle/build/CMakeFiles/CMakeTmp

Run Build Command:"/usr/bin/make" "cmTC_75f84/fast"
/usr/bin/make -f CMakeFiles/cmTC_75f84.dir/build.make CMakeFiles/cmTC_75f84.dir/build
make[1]: Entering directory '/home/muhammed/Belgeler/ackerman_vehicle/build/CMakeFiles/CMakeTmp'
Building C object CMakeFiles/cmTC_75f84.dir/CheckSymbolExists.c.o
/usr/bin/cc     -o CMakeFiles/cmTC_75f84.dir/CheckSymbolExists.c.o   -c /home/muhammed/Belgeler/ackerman_vehicle/build/CMakeFiles/CMakeTmp/CheckSymbolExists.c
Linking C executable cmTC_75f84
/usr/bin/cmake -E cmake_link_script CMakeFiles/cmTC_75f84.dir/link.txt --verbose=1
/usr/bin/cc       CMakeFiles/cmTC_75f84.dir/CheckSymbolExists.c.o  -o cmTC_75f84 -rdynamic 
CMakeFiles/cmTC_75f84.dir/CheckSymbolExists.c.o: In function `main':
CheckSymbolExists.c:(.text+0x16): undefined reference to `pthread_create'
collect2: error: ld returned 1 exit status
CMakeFiles/cmTC_75f84.dir/build.make:97: recipe for target 'cmTC_75f84' failed
make[1]: *** [cmTC_75f84] Error 1
make[1]: Leaving directory '/home/muhammed/Belgeler/ackerman_vehicle/build/CMakeFiles/CMakeTmp'
Makefile:126: recipe for target 'cmTC_75f84/fast' failed
make: *** [cmTC_75f84/fast] Error 2

File /home/muhammed/Belgeler/ackerman_vehicle/build/CMakeFiles/CMakeTmp/CheckSymbolExists.c:
/* */
#include <pthread.h>

int main(int argc, char** argv)
{
  (void)argv;
#ifndef pthread_create
  return ((int*)(&pthread_create))[argc];
#else
  (void)argc;
  return 0;
#endif
}

Determining if the function pthread_create exists in the pthreads failed with the following output:
Change Dir: /home/muhammed/Belgeler/ackerman_vehicle/build/CMakeFiles/CMakeTmp

Run Build Command:"/usr/bin/make" "cmTC_c5bdf/fast"
/usr/bin/make -f CMakeFiles/cmTC_c5bdf.dir/build.make CMakeFiles/cmTC_c5bdf.dir/build
make[1]: Entering directory '/home/muhammed/Belgeler/ackerman_vehicle/build/CMakeFiles/CMakeTmp'
Building C object CMakeFiles/cmTC_c5bdf.dir/CheckFunctionExists.c.o
/usr/bin/cc    -DCHECK_FUNCTION_EXISTS=pthread_create   -o CMakeFiles/cmTC_c5bdf.dir/CheckFunctionExists.c.o   -c /usr/share/cmake-3.5/Modules/CheckFunctionExists.c
Linking C executable cmTC_c5bdf
/usr/bin/cmake -E cmake_link_script CMakeFiles/cmTC_c5bdf.dir/link.txt --verbose=1
/usr/bin/cc   -DCHECK_FUNCTION_EXISTS=pthread_create    CMakeFiles/cmTC_c5bdf.dir/CheckFunctionExists.c.o  -o cmTC_c5bdf -rdynamic -lpthreads 
/usr/bin/ld: cannot find -lpthreads
collect2: error: ld returned 1 exit status
CMakeFiles/cmTC_c5bdf.dir/build.make:97: recipe for target 'cmTC_c5bdf' failed
make[1]: *** [cmTC_c5bdf] Error 1
make[1]: Leaving directory '/home/muhammed/Belgeler/ackerman_vehicle/build/CMakeFiles/CMakeTmp'
Makefile:126: recipe for target 'cmTC_c5bdf/fast' failed
make: *** [cmTC_c5bdf/fast] Error 2


